KEEP: 1	                                   kuman	144
REMOVE: 2	                 northeast-kiwai-arigibi	98
KEEP: 3	                          nakame-sikalan	110
KEEP: 4	                            nakame-sokan	110
KEEP: 5	                          nakame-dzenzen	113
KEEP: 6	                            nakame-wasin	110
KEEP: 7	                            nakame-popof	113
KEEP: 8	                        nakame-munguleng	110
REMOVE: 9	                            nakame-gufin	72
KEEP: 10	                              nuk-tamben	106
KEEP: 11	                               nuk-tunam	103
REMOVE: 12	                    northeast-kiwai-gope	98
REMOVE: 13	                     numanggang-kawalang	72
REMOVE: 14	                       numanggang-tumung	75
KEEP: 15	                             nek-goambot	106
REMOVE: 16	                               uri-siara	84
REMOVE: 17	                           uri-sintogoro	86
KEEP: 18	                              wagi-kamba	124
REMOVE: 19	                             wagi-kauris	35
KEEP: 20	                            wagi-silibob	123
KEEP: 21	                                wagi-mis	124
KEEP: 22	                              wagi-foran	122
REMOVE: 23	                                  morigi	97
KEEP: 24	                              sam-songum	116
KEEP: 25	                                sam-buan	116
KEEP: 26	                              sam-wongbe	116
REMOVE: 27	                             anjam-lalok	76
KEEP: 28	                             amowe-tagoe	109
KEEP: 29	                              amowe-gomu	108
KEEP: 30	                              amowe-bere	109
KEEP: 31	                           uyajitaya-uya	109
KEEP: 32	                        uyajitaya-palipa	109
KEEP: 33	                      uyajitaya-didiwala	110
REMOVE: 34	                  northeast-kiwai-gibaio	98
KEEP: 35	                      uyajitaya-subalulu	109
KEEP: 36	                        uyajitaya-udibai	109
KEEP: 37	                          uyajitaya-gisi	109
REMOVE: 38	                           arandai-barau	98
KEEP: 39	                        arandai-weriagar	140
KEEP: 40	                          arandai-sebyar	116
REMOVE: 41	                           arandai-tarof	69
REMOVE: 42	                         arandai-kasuwer	73
KEEP: 43	                          faiwol-selbang	122
KEEP: 44	                                    bamu	107
KEEP: 45	                         faiwol-dimtikin	120
KEEP: 46	                           faiwol-lowbip	123
KEEP: 47	                                  waboda	101
REMOVE: 48	                             bimin-akalu	91
KEEP: 49	                            bimin-sengen	110
KEEP: 50	                           bimin-fagobiw	113
REMOVE: 51	                                  kibiri	98
REMOVE: 52	                                 kaki-ae	96
KEEP: 53	                        setaman-seltamin	119
KEEP: 54	                      setaman-ngisokabip	101
KEEP: 55	                        setaman-baktamin	119
KEEP: 56	                               tsaukambo	140
KEEP: 57	                                   nakai	141
KEEP: 58	                                  tangko	141
KEEP: 59	                                 wanggom	139
KEEP: 60	                             komyandaret	136
KEEP: 61	                                 korowai	140
KEEP: 62	                              yaqay-kogo	133
KEEP: 63	                             yaqay-kotup	133
KEEP: 64	                                    wiru	129
REMOVE: 65	                             yaqay-rayam	82
KEEP: 66	                             yaqay-wairu	141
KEEP: 67	                          yaqay-wanggate	130
KEEP: 68	                     awyu-central-busiri	103
KEEP: 69	                      awyu-central-ketah	136
KEEP: 70	                      awyu-central-nohon	138
KEEP: 71	                       awyu-central-taim	138
REMOVE: 72	                                 tairuma	98
REMOVE: 73	                              ikobi-mena	96
REMOVE: 74	                                    mena	97
REMOVE: 75	                                   omati	95
REMOVE: 76	                                   sepoe	98
REMOVE: 77	                                 toaripi	98
REMOVE: 78	                                    opao	98
REMOVE: 79	                                 orokolo	98
KEEP: 80	                                   abaga	102
KEEP: 81	                                binahari	101
KEEP: 82	                                   fuyug	155
KEEP: 83	                            yagaria-hira	150
KEEP: 84	                                   maiwa	161
KEEP: 85	                                  tauade	154
KEEP: 86	                                  tokano	147
REMOVE: 87	                           orokolo-kaipi	98
REMOVE: 88	                                    kwem	84
REMOVE: 89	                              keoru-ahia	98
KEEP: 90	                                    daga	155
KEEP: 91	                                    dima	162
KEEP: 92	                       alekano-asaroyufa	119
REMOVE: 93	                                  aheave	98
KEEP: 94	                          alekano-kefamo	148
KEEP: 95	                          alekano-wanima	154
KEEP: 96	                          alekano-kotuni	149
KEEP: 97	                        alekano-notofana	149
REMOVE: 98	                                  bikaru	59
KEEP: 99	                               samberigi	130
REMOVE: 100	                             folopa-suri	97
REMOVE: 101	                             folopa-boro	98
REMOVE: 102	                           folopa-sopese	90
REMOVE: 103	                                  tebera	97
REMOVE: 104	                                    rumu	96
REMOVE: 105	                                     foi	98
REMOVE: 106	                           bamu-pirupiru	90
REMOVE: 107	                                  mubami	98
REMOVE: 108	                       ekari-paniai-lake	67
REMOVE: 109	                 wolani-upper-mbijandoga	67
REMOVE: 110	                          moni-kemandoga	67
REMOVE: 111	                                   konai	100
REMOVE: 112	                          odoodee-kalamo	99
REMOVE: 113	                           odoodee-hesif	94
REMOVE: 114	                                   sonia	97
REMOVE: 115	                                  aimele	99
KEEP: 116	                                  kamula	106
REMOVE: 117	                                   edolo	100
KEEP: 118	                                   beami	110
REMOVE: 119	                                  gobasi	100
REMOVE: 120	                            gobasi-oibae	100
REMOVE: 121	               asmat-central-kainak-atat	100
REMOVE: 122	               asmat-central-kainak-kapi	18
REMOVE: 123	                 asmat-central-kainak-ao	14
REMOVE: 124	              asmat-central-kainak-yamas	31
KEEP: 125	                asmat-central-simai-ayam	135
KEEP: 126	               asmat-central-mismam-suru	138
KEEP: 127	              asmat-central-mismam-yepem	134
REMOVE: 128	                asmat-central-mismam-per	32
REMOVE: 129	               asmat-central-mismam-uwus	27
REMOVE: 130	            asmat-central-misman-meriten	19
REMOVE: 131	             asmat-central-mecamup-miwar	2
REMOVE: 132	                asmat-central-mecamup-ac	3
REMOVE: 133	         asmat-central-mecamup-amanamkai	48
REMOVE: 134	          asmat-central-mecamup-ar-nanim	3
REMOVE: 135	             asmat-central-mecamup-amisu	67
REMOVE: 136	       asmat-central-mecamup-cowew-yamew	17
REMOVE: 137	             asmat-central-mecamup-kawet	38
REMOVE: 138	               asmat-central-mecamup-yow	51
REMOVE: 139	          asmat-central-mecamup-omanesep	92
KEEP: 140	            asmat-central-keenakap-namen	117
REMOVE: 141	            asmat-central-keenakap-miwar	39
REMOVE: 142	         asmat-central-keenakap-yaosakor	19
REMOVE: 143	            asmat-central-keenakap-kaimo	31
REMOVE: 144	             asmat-central-keenakap-awok	4
REMOVE: 145	              asmat-central-keenakap-fos	37
KEEP: 146	              asmat-central-keenok-komar	112
REMOVE: 147	             asmat-central-keenok-yipaer	59
KEEP: 148	          asmat-central-keenok-sawa-erma	103
REMOVE: 149	           asmat-central-keenok-mu-akani	16
REMOVE: 150	              asmat-central-keenok-manep	81
REMOVE: 151	               asmat-central-keenok-monu	1
REMOVE: 152	                      asmat-central-mine	31
REMOVE: 153	                    asmat-central-sokoni	60
REMOVE: 154	                     asmat-central-yinak	30
REMOVE: 155	                      asmat-central-wooi	24
REMOVE: 156	            asmat-casuarina-coast-otenep	71
REMOVE: 157	             asmat-casuarina-coast-masin	70
REMOVE: 158	             asmat-casuarina-coast-nanew	10
REMOVE: 159	            asmat-casuarina-coast-makair	50
KEEP: 160	         asmat-casuarina-coast-pirimapun	112
REMOVE: 161	            asmat-casuarina-coast-aorket	43
REMOVE: 162	             asmat-casuarina-coast-tareo	42
KEEP: 163	                      citak-citak-senggo	104
REMOVE: 164	                       citak-upper-sirec	25
REMOVE: 165	                      citak-brazza-river	17
REMOVE: 166	                          asmat-north-ti	17
REMOVE: 167	                      asmat-north-momogo	56
REMOVE: 168	                       asmat-north-pupis	31
REMOVE: 169	                       asmat-north-irogo	24
REMOVE: 170	                              magi-musak	84
REMOVE: 171	                                   biami	96
KEEP: 172	                                  pawaia	138
REMOVE: 173	                                 koitabu	90
REMOVE: 174	                            grass-koiari	94
REMOVE: 175	                         mountain-koiari	100
REMOVE: 176	                                     ese	95
REMOVE: 177	                             north-barai	79
REMOVE: 178	                             south-barai	87
REMOVE: 179	                                    omie	93
REMOVE: 180	                                  morori	40
REMOVE: 181	                             marind-bian	41
KEEP: 182	                                   yaqay	107
REMOVE: 183	                               kimaghima	42
REMOVE: 184	                                riantana	42
REMOVE: 185	                                    ndom	41
REMOVE: 186	                               tamagario	93
REMOVE: 187	                                  sowari	40
REMOVE: 188	                                 kayagar	86
REMOVE: 189	                                  ngalum	32
REMOVE: 190	                               ninggerum	57
REMOVE: 191	                                atohwaim	94
KEEP: 192	                                  wambon	168
KEEP: 193	                              kuni-boazi	129
KEEP: 194	                                    aghu	127
REMOVE: 195	                                    sawi	93
REMOVE: 196	                   dani-mid-grand-valley	100
REMOVE: 197	                                  mombum	41
REMOVE: 198	                                 koneraw	37
REMOVE: 199	                                  sempan	68
REMOVE: 200	                                  kamoro	68
REMOVE: 201	                                kamberau	40
REMOVE: 202	                                 buruwai	40
REMOVE: 203	                                 mairasi	40
REMOVE: 204	                                  semimi	40
REMOVE: 205	                              tanahmerah	40
REMOVE: 206	                                   baham	40
REMOVE: 207	                                   karas	40
REMOVE: 208	                               kemberano	40
REMOVE: 209	                                 arandai	39
REMOVE: 210	                                  kokoda	38
REMOVE: 211	                         kokoda-kasuweri	38
REMOVE: 212	                                  puragi	39
REMOVE: 213	                                   ekari	40
KEEP: 214	                                   walak	101
REMOVE: 215	                                   damal	40
KEEP: 216	                            dani-western	133
REMOVE: 217	                              muyu-north	71
REMOVE: 218	                     silimo-south-ngalik	18
REMOVE: 219	                              muyu-south	67
REMOVE: 220	                                  marind	40
REMOVE: 221	                            warkay-bipim	81
REMOVE: 222	                                  momuna	33
REMOVE: 223	                                     iha	40
REMOVE: 224	                                     mor	40
REMOVE: 225	                                    moni	40
KEEP: 226	                           yali-angguruk	102
REMOVE: 227	        dani-lower-grand-valley-hitigima	100
KEEP: 228	          dani-lower-grand-valley-tangma	101
REMOVE: 229	                 dani-upper-grand-valley	99
KEEP: 230	                                  silimo	101
REMOVE: 231	                                  faiwol	50
REMOVE: 232	                                 sentani	44
REMOVE: 233	                                   nafri	39
REMOVE: 234	                                   towei	36
REMOVE: 235	                                    emem	38
KEEP: 236	                                   kaure	141
REMOVE: 237	                                   narau	12
REMOVE: 238	                                     dem	37
REMOVE: 239	                        yali-pass-valley	37
REMOVE: 240	                           yale-korsarek	94
REMOVE: 241	                            korapun-sela	37
KEEP: 242	                               awyu-asue	118
REMOVE: 243	                                 yongkom	43
REMOVE: 244	                                    kais	40
REMOVE: 245	                                    tebi	86
REMOVE: 246	                                   zorop	97
REMOVE: 247	                                   nalca	39
REMOVE: 248	                                     una	11
REMOVE: 249	                 dani-lower-grand-valley	39
REMOVE: 250	                   asmat-casuarina-coast	51
KEEP: 251	                              awyu-south	137
KEEP: 252	                            mandobo-atas	119
REMOVE: 253	                                  wolani	32
KEEP: 254	                                zimakani	128
KEEP: 255	                          zimakani-begua	111
KEEP: 256	                    zimakani-south-boazi	117
REMOVE: 257	                                     ari	91
KEEP: 258	                                    aeka	106
REMOVE: 259	                                  baruga	36
KEEP: 260	                               binandere	151
KEEP: 261	                                   gaina	114
REMOVE: 262	                            korafe-yegha	38
KEEP: 263	                                   suena	137
KEEP: 264	                                  yekora	106
KEEP: 265	                                     zia	116
REMOVE: 266	                                  bariji	26
KEEP: 267	                              ewage-notu	135
REMOVE: 268	                                orokaiva	56
REMOVE: 269	                        orokaiva-sairope	35
REMOVE: 270	                        orokaiva-kendata	35
REMOVE: 271	            orokaiva-jegarata-kakendetta	35
REMOVE: 272	                               zia-mawai	80
KEEP: 273	                           tairora-south	152
REMOVE: 274	                           asmat-central	63
REMOVE: 275	                             asmat-north	16
REMOVE: 276	                          asmat-yaosakor	16
REMOVE: 277	                                   citak	15
KEEP: 278	                                   siane	160
REMOVE: 279	                                  morawa	55
REMOVE: 280	                                kambaira	57
KEEP: 281	                              dano-asaro	159
KEEP: 282	                                 bauwaki	128
KEEP: 283	                                    huli	158
REMOVE: 284	                            siane-kovena	39
KEEP: 285	                                 alekano	161
KEEP: 286	                                   gende	156
REMOVE: 287	                                 eipomek	87
REMOVE: 288	                                  kosare	89
REMOVE: 289	                               ketengban	89
REMOVE: 290	                             guhu-samane	60
KEEP: 291	                        hunjara-kaina-ke	120
REMOVE: 292	                                 doghoro	98
KEEP: 293	                                  korafe	137
REMOVE: 294	                                    yega	84
REMOVE: 295	                        binandere-ambasi	95
REMOVE: 296	                      guhu-samane-tahari	34
REMOVE: 297	                       suena-yema-yarawe	65
REMOVE: 298	                 hunjara-kaina-ke-kokoda	54
REMOVE: 299	                    orokaiva-para-harava	52
KEEP: 300	                           orokaiva-sose	129
REMOVE: 301	                   orokaiva-jegasa-sarau	73
REMOVE: 302	                               ambe-dofo	36
REMOVE: 303	                                  oukena	77
REMOVE: 304	                                  bareji	21
REMOVE: 305	                                    gena	100
KEEP: 306	                                  karoto	115
KEEP: 307	                           baruga-tafota	131
REMOVE: 308	                             baruga-mado	93
KEEP: 309	                           baruga-bareji	122
REMOVE: 310	                                 mokorua	60
REMOVE: 311	                                  rabade	67
REMOVE: 312	                                 bisorio	66
REMOVE: 313	                           bisorio-iniai	90
KEEP: 314	                                 lembena	109
KEEP: 315	                                   kyaka	112
KEEP: 316	                                   kobon	174
KEEP: 317	                               enga-wapi	111
KEEP: 318	                           enga-lapalama	112
KEEP: 319	                            enga-laiagam	110
KEEP: 320	                               enga-sari	111
KEEP: 321	                           lembena-maibi	111
KEEP: 322	                          lembena-yariba	112
KEEP: 323	                                yaweyuha	157
KEEP: 324	                                benabena	155
KEEP: 325	                                  kamano	155
KEEP: 326	                              inoke-yate	155
KEEP: 327	                                 yagaria	155
KEEP: 328	                                    fore	155
KEEP: 329	                                    gimi	155
KEEP: 330	                                     awa	162
KEEP: 331	                                awiyaana	146
KEEP: 332	                                  gadsup	146
KEEP: 333	                           tairora-north	146
KEEP: 334	                                   mailu	119
KEEP: 335	                                    enga	150
REMOVE: 336	                                    suki	62
REMOVE: 337	                                gogodala	69
REMOVE: 338	                              binumarien	9
REMOVE: 339	                                     hua	43
REMOVE: 340	                                  purari	98
REMOVE: 341	                   northeast-kiwai-urama	97
REMOVE: 342	                               angaataha	98
REMOVE: 343	                                safeyoka	98
KEEP: 344	                                    kare	182
KEEP: 345	                                  girawa	179
KEEP: 346	                                   munit	181
KEEP: 347	                                    kein	177
KEEP: 348	                                   sihan	182
KEEP: 349	                                  gumalu	180
REMOVE: 350	                                  ankave	98
KEEP: 351	                                   isebe	182
KEEP: 352	                                   amele	181
KEEP: 353	                                     bau	179
KEEP: 354	                                   panim	181
KEEP: 355	                                 rapting	182
KEEP: 356	                                   wamas	181
KEEP: 357	                                  samosa	178
KEEP: 358	                                  murupi	181
KEEP: 359	                                  saruga	182
KEEP: 360	                                    nake	182
REMOVE: 361	                                  baruya	98
KEEP: 362	                                  mosimo	183
KEEP: 363	                                   garus	183
KEEP: 364	                                  yoidik	182
KEEP: 365	                                   rempi	180
KEEP: 366	                                  bagupi	182
KEEP: 367	                                  silopi	178
KEEP: 368	                                     utu	182
KEEP: 369	                                   mawan	182
KEEP: 370	                                  baimak	179
KEEP: 371	                                  matepi	182
REMOVE: 372	                                  tainae	98
KEEP: 373	                                     gal	180
KEEP: 374	                                 nobonob	180
KEEP: 375	                                    wagi	189
KEEP: 376	                                  bargam	181
KEEP: 377	                                   gavak	180
KEEP: 378	                                   malas	177
KEEP: 379	                                    brem	181
KEEP: 380	                                   korak	181
KEEP: 381	                                  waskia	177
KEEP: 382	                                    mala	179
KEEP: 383	                                  bogaya	107
KEEP: 384	                               maia-pila	181
KEEP: 385	                               maia-saki	181
KEEP: 386	                                   miani	180
KEEP: 387	                                 mauwake	179
KEEP: 388	                                  bepour	181
KEEP: 389	                                   moere	177
KEEP: 390	                                   mawak	180
KEEP: 391	                                   musar	179
KEEP: 392	                                wanambre	175
KEEP: 393	                                   yaben	181
REMOVE: 394	                                  dadibi	98
KEEP: 395	                                yarawata	182
KEEP: 396	                                bilakura	180
KEEP: 397	                                 parawen	175
KEEP: 398	                               ukuriguma	182
KEEP: 399	                                 amaimon	176
KEEP: 400	                                  kowaki	178
KEEP: 401	                                  pamosu	178
KEEP: 402	                                   kobol	178
KEEP: 403	                                     pal	175
KEEP: 404	                                    usan	181
KEEP: 405	                                 sileibi	180
KEEP: 406	                               utarmbung	179
KEEP: 407	                                moresada	180
KEEP: 408	                               wadaginam	174
KEEP: 409	                                 atemble	182
KEEP: 410	                                   musak	178
KEEP: 411	                                paynamar	175
KEEP: 412	                                   biyom	174
KEEP: 413	                                   tauya	177
KEEP: 414	                                   faita	172
KEEP: 415	                                    duna	108
KEEP: 416	                                     mum	176
KEEP: 417	                                    anam	182
KEEP: 418	                                anamgura	178
KEEP: 419	                                    nend	178
KEEP: 420	                                   apali	180
KEEP: 421	                                   isabi	165
KEEP: 422	                                sinsauru	180
KEEP: 423	                                    asas	181
KEEP: 424	                                   sausi	179
KEEP: 425	                                 kesawai	170
KEEP: 426	                                  arawum	178
KEEP: 427	                                   siroi	179
KEEP: 428	                                  watiwa	176
KEEP: 429	                                   lemio	170
KEEP: 430	                                  pulabu	165
KEEP: 431	                                  yabong	178
KEEP: 432	                                 ganglau	181
KEEP: 433	                                    saep	180
KEEP: 434	                                   sumau	180
KEEP: 435	                                     sop	180
KEEP: 436	                               west-kewa	128
KEEP: 437	                                  danaru	180
KEEP: 438	                                 urigina	179
KEEP: 439	                                     uya	180
KEEP: 440	                                   rerau	165
KEEP: 441	                                   jilim	178
KEEP: 442	                                yangulam	165
KEEP: 443	                                    male	178
KEEP: 444	                                   bongu	186
KEEP: 445	                                    ogea	180
KEEP: 446	                                   waube	179
REMOVE: 447	                                 simbari	98
KEEP: 448	                                   anjam	178
KEEP: 449	                                     sam	177
KEEP: 450	                                   migum	175
KEEP: 451	                               uyajitaya	178
REMOVE: 452	                               east-kewa	82
REMOVE: 453	                                   erave	63
REMOVE: 454	                                   angal	78
REMOVE: 455	                            angal-heneng	7
REMOVE: 456	                              angal-enen	2
REMOVE: 457	                                   ipili	81
REMOVE: 458	                                  hamtai	98
REMOVE: 459	                                   manat	27
REMOVE: 460	                                   sirva	45
KEEP: 461	                                    aisi	108
REMOVE: 462	                                  kulsab	18
REMOVE: 463	                                  kamasa	97
KEEP: 464	                           mailu-asiaoro	156
KEEP: 465	                              mailu-ilai	156
KEEP: 466	                            mailu-island	156
REMOVE: 467	                                   akoye	98
KEEP: 468	                            mailu-borebo	156
KEEP: 469	                            mailu-domara	156
KEEP: 470	                           mailu-baibara	156
KEEP: 471	                            mailu-geagea	156
KEEP: 472	                           mailu-delebai	156
KEEP: 473	                            mailu-darava	156
KEEP: 474	                                    kate	114
KEEP: 475	                                    mape	114
KEEP: 476	                                   dedua	122
KEEP: 477	                                    kube	122
REMOVE: 478	                                   menya	98
KEEP: 479	                                    tobo	122
KEEP: 480	                                  borong	121
KEEP: 481	                                  mindik	122
KEEP: 482	                                   burum	122
KEEP: 483	                                     ono	114
KEEP: 484	                                   komba	122
KEEP: 485	                                 selepet	121
KEEP: 486	                                   timbe	122
KEEP: 487	                                   nabak	122
KEEP: 488	                                   mesem	122
REMOVE: 489	                                 yagwoia	98
REMOVE: 490	                                 kawacha	98
KEEP: 491	                                  mulaha	101
KEEP: 492	                                  humene	149
KEEP: 493	                                    uare	183
KEEP: 494	                                   maria	132
KEEP: 495	                          doromu-bareika	154
REMOVE: 496	                               minanibai	94
KEEP: 497	                          doromu-lofaika	153
KEEP: 498	                         doromu-aramaika	155
KEEP: 499	                          maria-maranomu	156
KEEP: 500	                          maria-maiagolo	153
KEEP: 501	                             maria-uderi	123
REMOVE: 502	                                   ipiko	98
KEEP: 503	                       komba-gwama-north	120
KEEP: 504	                       komba-gwama-south	120
KEEP: 505	                              komba-anda	120
KEEP: 506	                            komba-puleng	120
REMOVE: 507	                                   kovai	38
KEEP: 508	                                  yenimu	103
REMOVE: 509	                                    mian	52
REMOVE: 510	                                   tifal	60
KEEP: 511	                                   kasua	105
REMOVE: 512	                                 telefol	70
REMOVE: 513	                                   bimin	65
REMOVE: 514	                                  aekyom	43
REMOVE: 515	                                  bosavi	32
REMOVE: 516	                            marind-gawir	46
KEEP: 517	                                  kaluli	107
REMOVE: 518	                                 degenan	47
REMOVE: 519	                               muratayak	47
REMOVE: 520	                                  asaroo	44
REMOVE: 521	                                dahating	1
REMOVE: 522	                                    madi	51
REMOVE: 523	                                  ngaing	51
REMOVE: 524	                                    neko	30
KEEP: 525	                               onabasulu	106
REMOVE: 526	                                 nekgini	48
REMOVE: 527	                                    ufim	46
REMOVE: 528	                                    rawa	50
REMOVE: 529	                                     iyo	48
KEEP: 530	                                     som	147
REMOVE: 531	                                   nukna	51
REMOVE: 532	                        nukna-hamelengan	50
REMOVE: 533	                            kutong-sakam	50
REMOVE: 534	                                bonkiman	3
REMOVE: 535	                                  domung	49
KEEP: 536	                                    pare	118
REMOVE: 537	                                 nankina	51
REMOVE: 538	                            yopno-nokopo	50
REMOVE: 539	                           yopno-kewieng	52
REMOVE: 540	                                   awara	46
REMOVE: 541	                                   irumu	48
REMOVE: 542	                                 wantoat	48
REMOVE: 543	                           wantoat-leron	34
REMOVE: 544	                          wantoat-saseng	34
REMOVE: 545	                             wantoat-bam	41
REMOVE: 546	                         wantoat-yagawak	48
KEEP: 547	                             gobasi-bibo	107
REMOVE: 548	                                   mamaa	50
REMOVE: 549	                                     uri	50
REMOVE: 550	                                finongan	48
REMOVE: 551	                                   gusan	51
REMOVE: 552	                                    nimi	49
REMOVE: 553	                              numanggang	51
REMOVE: 554	                                  nakame	48
REMOVE: 555	                                     nek	50
REMOVE: 556	                                     nuk	51
KEEP: 557	                                 mungkip	123
KEEP: 558	                           gobasi-honibo	109
REMOVE: 559	                                ma-manda	49
REMOVE: 560	                                 ono-kip	51
REMOVE: 561	                              ono-zankoa	12
REMOVE: 562	                              ono-karako	11
REMOVE: 563	                                  sialum	51
REMOVE: 564	                                    nomu	50
REMOVE: 565	                               kinalakna	49
REMOVE: 566	                                 kumukio	47
KEEP: 567	                                 migabac	163
REMOVE: 568	                                  momare	49
KEEP: 569	                                   fembe	109
REMOVE: 570	                                    sene	51
REMOVE: 571	                              magobineng	48
REMOVE: 572	                                  wamora	47
REMOVE: 573	                                    wemo	47
REMOVE: 574	                               mape-naga	50
REMOVE: 575	                               mape-west	45
REMOVE: 576	                               mape-east	43
REMOVE: 577	                                   kuini	4
REMOVE: 578	                                   boazi	45
KEEP: 579	                                    kubo	115
REMOVE: 580	                               kumdauron	50
REMOVE: 581	                                   worin	51
REMOVE: 582	                                   yawan	48
REMOVE: 583	                                  mitmit	49
REMOVE: 584	                                     mup	51
REMOVE: 585	                                sindamon	49
KEEP: 586	                                    samo	120
KEEP: 587	                                   kalam	174
REMOVE: 588	                          oksapmin-upper	13
REMOVE: 589	                          oksapmin-lower	33
REMOVE: 590	                            bamu-sisiame	92
KEEP: 591	                                tureture	102
KEEP: 592	                          southern-kiwai	111
REMOVE: 593	                                  kombai	52
REMOVE: 594	                    mandobo-atas-yonggom	61
REMOVE: 595	                                  kerewo	97
595 languages kept
