KEEP: 1	                               kuman_t69	135
REMOVE: 2	                               kuman_s56	48
REMOVE: 3	             northeast-kiwai-arigibi_w73	98
KEEP: 4	                    nakame-sikalan_r2009	110
KEEP: 5	                      nakame-sokan_r2009	110
KEEP: 6	                    nakame-dzenzen_r2009	113
KEEP: 7	                      nakame-wasin_r2009	110
KEEP: 8	                      nakame-popof_r2009	113
KEEP: 9	                  nakame-munguleng_r2009	110
REMOVE: 10	                      nakame-gufin_r2009	72
KEEP: 11	                        nuk-tamben_r2009	106
KEEP: 12	                         nuk-tunam_r2009	103
REMOVE: 13	                northeast-kiwai-gope_w73	98
REMOVE: 14	               numanggang-kawalang_r2009	72
REMOVE: 15	                 numanggang-tumung_r2009	75
KEEP: 16	                       nek-goambot_r2009	106
REMOVE: 17	                         uri-siara_r2009	84
REMOVE: 18	                     uri-sintogoro_r2009	86
KEEP: 19	                       wagi-kamba_sp2011	124
REMOVE: 20	                      wagi-kauris_sp2011	35
KEEP: 21	                     wagi-silibob_sp2011	123
KEEP: 22	                         wagi-mis_sp2011	124
KEEP: 23	                       wagi-foran_sp2011	122
REMOVE: 24	                              morigi_w73	97
KEEP: 25	                       sam-songum_rj2003	116
KEEP: 26	                         sam-buan_rj2003	116
KEEP: 27	                       sam-wongbe_rj2003	116
REMOVE: 28	                      anjam-lalok_rj2003	76
KEEP: 29	                       amowe-tagoe_l2008	109
KEEP: 30	                        amowe-gomu_l2008	108
KEEP: 31	                        amowe-bere_l2008	109
KEEP: 32	                     uyajitaya-uya_l2008	109
REMOVE: 33	                  uyajitaya-palipa_l2008	43
REMOVE: 34	                 uyajitaya-palipa_rj2003	66
KEEP: 35	               uyajitaya-didiwala_rj2003	110
REMOVE: 36	              northeast-kiwai-gibaio_w73	98
KEEP: 37	               uyajitaya-subalulu_rj2003	109
KEEP: 38	                 uyajitaya-udibai_rj2003	109
KEEP: 39	                   uyajitaya-gisi_rj2003	109
REMOVE: 40	                       arandai-barau_v85	98
KEEP: 41	                    arandai-weriagar_v85	140
KEEP: 42	                      arandai-sebyar_v85	116
REMOVE: 43	                       arandai-tarof_v85	69
REMOVE: 44	                     arandai-kasuwer_v85	73
KEEP: 45	                  faiwol-selbang_vcs2010	122
REMOVE: 46	                                bamu_w73	90
REMOVE: 47	                                bamu_s86	99
KEEP: 48	                 faiwol-dimtikin_vcs2010	120
KEEP: 49	                   faiwol-lowbip_vcs2010	123
REMOVE: 50	                              waboda_w73	93
REMOVE: 51	                             waboda_mv70	39
REMOVE: 52	                     bimin-akalu_vcs2010	91
KEEP: 53	                    bimin-sengen_vcs2010	110
KEEP: 54	                   bimin-fagobiw_vcs2010	113
REMOVE: 55	                              kibiri_w73	98
REMOVE: 56	                             kaki-ae_b73	96
KEEP: 57	                setaman-seltamin_vcs2010	119
KEEP: 58	              setaman-ngisokabip_vcs2010	101
KEEP: 59	                setaman-baktamin_vcs2010	119
KEEP: 60	                         tsaukambo_h2009	140
KEEP: 61	                             nakai_h2009	141
KEEP: 62	                            tangko_h2009	141
KEEP: 63	                           wanggom_h2009	139
KEEP: 64	                       komyandaret_h2009	136
KEEP: 65	                           korowai_h2009	140
KEEP: 66	                       yaqay-kogo_kl2010	133
KEEP: 67	                      yaqay-kotup_kl2010	133
REMOVE: 68	                                wiru_f73	98
REMOVE: 69	                                wiru_f75	81
REMOVE: 70	                      yaqay-rayam_kl2010	82
KEEP: 71	                      yaqay-wairu_kl2010	141
KEEP: 72	                   yaqay-wanggate_kl2010	130
KEEP: 73	              awyu-central-busiri_kl2010	103
KEEP: 74	               awyu-central-ketah_kl2010	136
KEEP: 75	               awyu-central-nohon_kl2010	138
KEEP: 76	                awyu-central-taim_kl2010	138
REMOVE: 77	                             tairuma_b73	98
REMOVE: 78	                          ikobi-mena_f73	96
REMOVE: 79	                                mena_f73	97
REMOVE: 80	                               omati_f73	95
REMOVE: 81	                               sepoe_b73	98
REMOVE: 82	                             toaripi_b73	98
REMOVE: 83	                                opao_b73	98
REMOVE: 84	                             orokolo_b73	98
KEEP: 85	                          abaga_sil-1966	102
KEEP: 86	                       binahari_sil-1985	101
REMOVE: 87	                          fuyug_sil-1973	19
KEEP: 88	                         fuyug_sil-1975d	155
KEEP: 89	                   yagaria-hira_sil-2000	113
KEEP: 90	                  yagaria-hira_sil-2000c	150
REMOVE: 91	                          maiwa_sil-1967	56
KEEP: 92	                         maiwa_sil-1973b	160
KEEP: 93	                         tauade_sil-1980	154
KEEP: 94	                         tokano_sil-1965	147
REMOVE: 95	                       orokolo-kaipi_b73	98
REMOVE: 96	                                kwem_h70	84
REMOVE: 97	                          keoru-ahia_b73	98
KEEP: 98	                          daga_sil-1965c	155
KEEP: 99	                          dima_sil-1973c	162
KEEP: 100	             alekano-asaroyufa_sil-1975h	119
REMOVE: 101	                              aheave_b73	98
REMOVE: 102	                              aheave_d68	1
KEEP: 103	                alekano-kefamo_sil-1975g	148
KEEP: 104	                alekano-wanima_sil-1975e	149
KEEP: 105	                alekano-wanima_sil-1962b	153
KEEP: 106	                alekano-kotuni_sil-1975f	149
KEEP: 107	              alekano-notofana_sil-1976b	149
REMOVE: 108	                         bikaru_sil-1983	59
REMOVE: 109	              samberigi_franklin-and-v73	98
REMOVE: 110	                           samberigi_f75	81
REMOVE: 111	                         folopa-suri_m73	97
REMOVE: 112	                         folopa-boro_m73	98
REMOVE: 113	                       folopa-sopese_m73	90
REMOVE: 114	                              tebera_m73	97
REMOVE: 115	                                rumu_f73	96
REMOVE: 116	                    foi_franklin-and-v73	98
REMOVE: 117	                       bamu-pirupiru_w73	90
REMOVE: 118	                              mubami_f73	76
REMOVE: 119	                              mubami_r76	95
REMOVE: 120	                  ekari-paniai-lake_ll72	67
REMOVE: 121	            wolani-upper-mbijandoga_ll72	67
REMOVE: 122	                     moni-kemandoga_ll72	67
REMOVE: 123	                               konai_s86	100
REMOVE: 124	                      odoodee-kalamo_s86	99
REMOVE: 125	                       odoodee-hesif_s86	94
REMOVE: 126	                               sonia_s86	97
REMOVE: 127	                              aimele_s86	99
REMOVE: 128	                              kamula_s86	99
REMOVE: 129	                              kamula_r76	94
REMOVE: 130	                            kamula_d2010	1
REMOVE: 131	                               edolo_s86	100
REMOVE: 132	                               beami_s86	100
REMOVE: 133	                              beami_mv70	44
REMOVE: 134	                              gobasi_s86	100
REMOVE: 135	                        gobasi-oibae_s86	100
REMOVE: 136	           asmat-central-kainak-atat_v80	100
REMOVE: 137	           asmat-central-kainak-kapi_v80	18
REMOVE: 138	             asmat-central-kainak-ao_v80	14
REMOVE: 139	          asmat-central-kainak-yamas_v80	31
KEEP: 140	            asmat-central-simai-ayam_v80	135
KEEP: 141	           asmat-central-mismam-suru_v80	138
KEEP: 142	          asmat-central-mismam-yepem_v80	134
REMOVE: 143	            asmat-central-mismam-per_v80	32
REMOVE: 144	           asmat-central-mismam-uwus_v80	27
REMOVE: 145	        asmat-central-misman-meriten_v80	19
REMOVE: 146	         asmat-central-mecamup-miwar_v80	2
REMOVE: 147	            asmat-central-mecamup-ac_v80	3
REMOVE: 148	     asmat-central-mecamup-amanamkai_v80	48
REMOVE: 149	      asmat-central-mecamup-ar-nanim_v80	3
REMOVE: 150	         asmat-central-mecamup-amisu_v80	67
REMOVE: 151	   asmat-central-mecamup-cowew-yamew_v80	17
REMOVE: 152	         asmat-central-mecamup-kawet_v80	38
REMOVE: 153	           asmat-central-mecamup-yow_v80	51
REMOVE: 154	      asmat-central-mecamup-omanesep_v80	92
KEEP: 155	        asmat-central-keenakap-namen_v80	117
REMOVE: 156	        asmat-central-keenakap-miwar_v80	39
REMOVE: 157	     asmat-central-keenakap-yaosakor_v80	19
REMOVE: 158	        asmat-central-keenakap-kaimo_v80	31
REMOVE: 159	         asmat-central-keenakap-awok_v80	4
REMOVE: 160	          asmat-central-keenakap-fos_v80	37
KEEP: 161	          asmat-central-keenok-komar_v80	112
REMOVE: 162	         asmat-central-keenok-yipaer_v80	59
KEEP: 163	      asmat-central-keenok-sawa-erma_v80	103
REMOVE: 164	       asmat-central-keenok-mu-akani_v80	16
REMOVE: 165	          asmat-central-keenok-manep_v80	81
REMOVE: 166	           asmat-central-keenok-monu_v80	1
REMOVE: 167	                  asmat-central-mine_v80	31
REMOVE: 168	                asmat-central-sokoni_v80	60
REMOVE: 169	                 asmat-central-yinak_v80	30
REMOVE: 170	                  asmat-central-wooi_v80	24
REMOVE: 171	        asmat-casuarina-coast-otenep_v80	71
REMOVE: 172	         asmat-casuarina-coast-masin_v80	70
REMOVE: 173	         asmat-casuarina-coast-nanew_v80	10
REMOVE: 174	        asmat-casuarina-coast-makair_v80	50
KEEP: 175	     asmat-casuarina-coast-pirimapun_v80	112
REMOVE: 176	        asmat-casuarina-coast-aorket_v80	43
REMOVE: 177	         asmat-casuarina-coast-tareo_v80	42
KEEP: 178	                  citak-citak-senggo_v80	104
REMOVE: 179	                   citak-upper-sirec_v80	25
REMOVE: 180	                  citak-brazza-river_v80	17
REMOVE: 181	                      asmat-north-ti_v80	17
REMOVE: 182	                  asmat-north-momogo_v80	56
REMOVE: 183	                   asmat-north-pupis_v80	31
REMOVE: 184	                   asmat-north-irogo_v80	24
REMOVE: 185	                        magi-musak_d2016	84
REMOVE: 186	                               biami_s73	96
KEEP: 187	                              pawaia_t69	135
REMOVE: 188	                              pawaia_m73	97
REMOVE: 189	                           koitabu_d2010	90
REMOVE: 190	                      grass-koiari_d2010	94
REMOVE: 191	                   mountain-koiari_d2010	100
REMOVE: 192	                               ese_d2010	95
REMOVE: 193	                       north-barai_d2010	79
REMOVE: 194	                       south-barai_d2010	87
REMOVE: 195	                              omie_d2010	93
REMOVE: 196	                              morori_v75	40
REMOVE: 197	                         marind-bian_v75	40
REMOVE: 198	                        marind-bian_mv70	2
REMOVE: 199	                               yaqay_v75	40
REMOVE: 200	                               yaqay_v71	94
REMOVE: 201	                              yaqay_mv70	47
REMOVE: 202	                           kimaghima_v75	40
REMOVE: 203	                          kimaghima_mv70	5
REMOVE: 204	                            riantana_v75	40
REMOVE: 205	                           riantana_mv70	5
REMOVE: 206	                                ndom_v75	40
REMOVE: 207	                               ndom_mv70	4
REMOVE: 208	                           tamagario_v75	38
REMOVE: 209	                           tamagario_v71	92
REMOVE: 210	                              sowari_v75	40
REMOVE: 211	                             kayagar_v75	37
REMOVE: 212	                             kayagar_v71	85
REMOVE: 213	                            kayagar_mv70	1
REMOVE: 214	                              ngalum_v75	32
REMOVE: 215	                           ninggerum_v75	39
REMOVE: 216	                          ninggerum_mv70	36
REMOVE: 217	                            atohwaim_v75	38
REMOVE: 218	                            atohwaim_v71	92
REMOVE: 219	                              wambon_v75	40
REMOVE: 220	                             wambon_mv70	47
REMOVE: 221	                              wambon_v00	55
KEEP: 222	                            wambon_h2009	141
REMOVE: 223	                              wambon_h70	85
REMOVE: 224	                          kuni-boazi_v75	40
KEEP: 225	                          kuni-boazi_v70	125
REMOVE: 226	                                aghu_v75	40
REMOVE: 227	                               aghu_mv70	48
REMOVE: 228	                                aghu_v00	36
REMOVE: 229	                                aghu_v70	29
KEEP: 230	                                aghu_h70	101
REMOVE: 231	                                sawi_v75	39
REMOVE: 232	                                sawi_v71	92
REMOVE: 233	               dani-mid-grand-valley_b67	100
REMOVE: 234	                              mombum_v75	40
REMOVE: 235	                             mombum_mv70	8
REMOVE: 236	                             koneraw_v75	37
REMOVE: 237	                              sempan_v75	39
REMOVE: 238	                             sempan_mv70	49
REMOVE: 239	                              kamoro_v75	39
REMOVE: 240	                             kamoro_mv70	49
REMOVE: 241	                            kamberau_v75	40
REMOVE: 242	                             buruwai_v75	40
REMOVE: 243	                             mairasi_v75	40
REMOVE: 244	                              semimi_v75	40
REMOVE: 245	                          tanahmerah_v75	40
REMOVE: 246	                               baham_v75	40
REMOVE: 247	                               karas_v75	40
REMOVE: 248	                           kemberano_v75	40
REMOVE: 249	                             arandai_v75	39
REMOVE: 250	                              kokoda_v75	38
REMOVE: 251	                     kokoda-kasuweri_v75	38
REMOVE: 252	                              puragi_v75	39
REMOVE: 253	                               ekari_v75	40
KEEP: 254	                               walak_b67	101
REMOVE: 255	                               damal_v75	40
REMOVE: 256	                        dani-western_v75	30
KEEP: 257	                        dani-western_c97	129
REMOVE: 258	                          muyu-north_v75	40
REMOVE: 259	                         muyu-north_mv70	52
REMOVE: 260	                 silimo-south-ngalik_v75	18
REMOVE: 261	                          muyu-south_v75	40
REMOVE: 262	                         muyu-south_mv70	48
REMOVE: 263	                              marind_v75	40
REMOVE: 264	                        warkay-bipim_v75	36
REMOVE: 265	                        warkay-bipim_v71	79
REMOVE: 266	                       warkay-bipim_mv70	1
REMOVE: 267	                              momuna_v75	33
REMOVE: 268	                                 iha_v75	40
REMOVE: 269	                                 mor_v75	40
REMOVE: 270	                                moni_v75	40
KEEP: 271	                       yali-angguruk_b67	102
REMOVE: 272	    dani-lower-grand-valley-hitigima_b67	100
KEEP: 273	      dani-lower-grand-valley-tangma_b67	101
REMOVE: 274	             dani-upper-grand-valley_b67	99
KEEP: 275	                              silimo_b67	101
REMOVE: 276	                              faiwol_v75	22
REMOVE: 277	                             faiwol_mv70	40
REMOVE: 278	                             sentani_v75	40
REMOVE: 279	                            sentani_mv70	7
REMOVE: 280	                               nafri_v75	39
REMOVE: 281	                               towei_v75	36
REMOVE: 282	                                emem_v75	38
REMOVE: 283	                               kaure_v75	39
REMOVE: 284	                               kaure_v71	82
KEEP: 285	                               kaure_c97	128
REMOVE: 286	                               narau_v75	12
REMOVE: 287	                                 dem_v75	37
REMOVE: 288	                    yali-pass-valley_v75	37
REMOVE: 289	                       yale-korsarek_v75	39
REMOVE: 290	                       yale-korsarek_h78	90
REMOVE: 291	                      yale-korsarek_mv70	2
REMOVE: 292	                        korapun-sela_v75	36
REMOVE: 293	                       korapun-sela_mv70	4
REMOVE: 294	                           awyu-asue_v75	40
REMOVE: 295	                          awyu-asue_mv70	51
REMOVE: 296	                           awyu-asue_h70	99
REMOVE: 297	                             yongkom_v75	29
REMOVE: 298	                            yongkom_mv70	24
REMOVE: 299	                                kais_v75	40
REMOVE: 300	                                tebi_v75	37
REMOVE: 301	                                tebi_v71	85
REMOVE: 302	                               zorop_v75	39
REMOVE: 303	                               zorop_v71	96
REMOVE: 304	                               nalca_v75	39
REMOVE: 305	                              nalca_mv70	2
REMOVE: 306	                                 una_v75	11
REMOVE: 307	             dani-lower-grand-valley_v75	39
REMOVE: 308	               asmat-casuarina-coast_v75	40
REMOVE: 309	             asmat-casuarina-coast_vdw74	16
REMOVE: 310	                          awyu-south_v75	40
REMOVE: 311	                          awyu-south_v71	98
REMOVE: 312	                         awyu-south_mv70	52
REMOVE: 313	                          awyu-south_v00	63
REMOVE: 314	                          awyu-south_h70	86
REMOVE: 315	                        mandobo-atas_v75	40
REMOVE: 316	                       mandobo-atas_mv70	47
REMOVE: 317	                        mandobo-atas_v00	64
REMOVE: 318	                        mandobo-atas_h70	82
REMOVE: 319	                              wolani_v75	32
KEEP: 320	                            zimakani_v70	124
REMOVE: 321	                           zimakani_mr18	28
KEEP: 322	                      zimakani-begua_v70	111
REMOVE: 323	                     zimakani-begua_mv70	4
KEEP: 324	                zimakani-south-boazi_v70	117
REMOVE: 325	                                 ari_r76	91
REMOVE: 326	                                aeka_w69	34
REMOVE: 327	                             aeka_sm2011	96
REMOVE: 328	                               aeka_mv70	15
REMOVE: 329	                              baruga_w69	34
REMOVE: 330	                           baruga_sm2011	25
REMOVE: 331	                             baruga_mv70	8
REMOVE: 332	                           binandere_w69	35
KEEP: 333	                        binandere_sm2011	146
REMOVE: 334	                          binandere_mv70	18
REMOVE: 335	                               gaina_w69	10
KEEP: 336	                            gaina_sm2011	113
REMOVE: 337	                              gaina_mv70	4
REMOVE: 338	                        korafe-yegha_w69	35
REMOVE: 339	                       korafe-yegha_mv70	13
REMOVE: 340	                               suena_w69	35
KEEP: 341	                            suena_sm2011	125
REMOVE: 342	                              suena_mv70	23
REMOVE: 343	                              yekora_w69	35
REMOVE: 344	                           yekora_sm2011	96
REMOVE: 345	                             yekora_mv70	14
REMOVE: 346	                                 zia_w69	35
KEEP: 347	                              zia_sm2011	108
REMOVE: 348	                                zia_mv70	19
REMOVE: 349	                              bariji_w69	26
REMOVE: 350	                          ewage-notu_w69	34
KEEP: 351	                       ewage-notu_sm2011	131
REMOVE: 352	                         ewage-notu_mv70	16
REMOVE: 353	                         orokaiva_sm2011	56
REMOVE: 354	                    orokaiva-sairope_w69	35
REMOVE: 355	                 orokaiva-sairope_sm2011	31
REMOVE: 356	                   orokaiva-sairope_mv70	15
REMOVE: 357	                    orokaiva-kendata_w69	35
REMOVE: 358	                 orokaiva-kendata_sm2011	31
REMOVE: 359	                   orokaiva-kendata_mv70	15
REMOVE: 360	        orokaiva-jegarata-kakendetta_w69	35
REMOVE: 361	     orokaiva-jegarata-kakendetta_sm2011	31
REMOVE: 362	       orokaiva-jegarata-kakendetta_mv70	14
REMOVE: 363	                           zia-mawai_w69	35
REMOVE: 364	                        zia-mawai_sm2011	68
REMOVE: 365	                          zia-mawai_mv70	19
KEEP: 366	                  tairora-south_sil-1976	152
REMOVE: 367	                     asmat-central_vdw74	16
REMOVE: 368	                      asmat-central_mv70	51
REMOVE: 369	                       asmat-north_vdw74	16
REMOVE: 370	                    asmat-yaosakor_vdw74	16
REMOVE: 371	                             citak_vdw74	15
KEEP: 372	                          siane_sil-1987	104
REMOVE: 373	                               siane_s56	50
KEEP: 374	                               siane_s78	155
REMOVE: 375	                         morawa_sil-1973	55
REMOVE: 376	                        kambaira_sil-ndc	57
KEEP: 377	                     dano-asaro_sil-1974	154
KEEP: 378	                          dano-asaro_s78	155
KEEP: 379	                        bauwaki_sil-1973	128
KEEP: 380	                           huli_sil-1992	144
REMOVE: 381	                                huli_f75	78
REMOVE: 382	                        siane-kovena_s56	39
REMOVE: 383	                             alekano_s56	50
KEEP: 384	                             alekano_s78	154
KEEP: 385	                       alekano_sil-1965d	151
REMOVE: 386	                               gende_s56	49
KEEP: 387	                               gende_s78	154
REMOVE: 388	                             eipomek_h78	87
REMOVE: 389	                              kosare_h78	89
REMOVE: 390	                           ketengban_h78	89
REMOVE: 391	                      guhu-samane_sm2011	60
KEEP: 392	                 hunjara-kaina-ke_sm2011	120
REMOVE: 393	                          doghoro_sm2011	98
KEEP: 394	                           korafe_sm2011	137
REMOVE: 395	                             yega_sm2011	84
REMOVE: 396	                 binandere-ambasi_sm2011	95
REMOVE: 397	               guhu-samane-tahari_sm2011	34
REMOVE: 398	                suena-yema-yarawe_sm2011	65
REMOVE: 399	          hunjara-kaina-ke-kokoda_sm2011	54
REMOVE: 400	             orokaiva-para-harava_sm2011	52
KEEP: 401	                    orokaiva-sose_sm2011	129
REMOVE: 402	            orokaiva-jegasa-sarau_sm2011	73
REMOVE: 403	                        ambe-dofo_sm2011	36
REMOVE: 404	                           oukena_sm2011	77
REMOVE: 405	                           bareji_sm2011	21
REMOVE: 406	                             gena_sm2011	100
KEEP: 407	                           karoto_sm2011	115
KEEP: 408	                    baruga-tafota_sm2011	131
REMOVE: 409	                      baruga-mado_sm2011	93
KEEP: 410	                    baruga-bareji_sm2011	122
REMOVE: 411	                      baruga-bareji_mv70	4
REMOVE: 412	                          mokorua_sm2011	60
REMOVE: 413	                           rabade_sm2011	67
REMOVE: 414	                            bisorio_dc85	66
REMOVE: 415	                      bisorio-iniai_dc85	90
KEEP: 416	                            lembena_dc85	109
KEEP: 417	                              kyaka_dc85	112
KEEP: 418	                              kobon_dc85	112
KEEP: 419	                             kobon_p2013	157
KEEP: 420	                          enga-wapi_dc85	111
KEEP: 421	                      enga-lapalama_dc85	112
KEEP: 422	                       enga-laiagam_dc85	110
KEEP: 423	                          enga-sari_dc85	111
KEEP: 424	                      lembena-maibi_dc85	111
KEEP: 425	                     lembena-yariba_dc85	112
KEEP: 426	                            yaweyuha_s78	154
KEEP: 427	                      yaweyuha_sil-1965b	153
KEEP: 428	                            benabena_s78	155
KEEP: 429	                              kamano_s78	155
KEEP: 430	                          inoke-yate_s78	155
KEEP: 431	                             yagaria_s78	155
KEEP: 432	                                fore_s78	155
KEEP: 433	                                gimi_s78	155
KEEP: 434	                                 awa_s78	146
REMOVE: 435	                                 awa_x90	41
KEEP: 436	                            awa_sil-1976	146
KEEP: 437	                            awiyaana_s78	146
KEEP: 438	                              gadsup_s78	146
KEEP: 439	                       tairora-north_s78	146
KEEP: 440	                               mailu_s12	119
KEEP: 441	                               enga_la73	128
REMOVE: 442	                                enga_f75	82
REMOVE: 443	                              suki_v70-b	34
REMOVE: 444	                               suki_mv70	40
REMOVE: 445	                          gogodala_v70-b	33
REMOVE: 446	                           gogodala_mv70	47
REMOVE: 447	                          binumarien_x90	9
REMOVE: 448	                                 hua_x90	43
REMOVE: 449	                              purari_f73	98
REMOVE: 450	               northeast-kiwai-urama_w73	97
REMOVE: 451	                          angaataha_ll73	98
REMOVE: 452	                           safeyoka_ll73	98
KEEP: 453	                               kare_z80m	182
KEEP: 454	                             girawa_z80m	179
KEEP: 455	                              munit_z80m	181
KEEP: 456	                               kein_z80m	177
KEEP: 457	                              sihan_z80m	182
KEEP: 458	                             gumalu_z80m	180
REMOVE: 459	                             ankave_ll73	98
KEEP: 460	                              isebe_z80m	182
KEEP: 461	                              amele_z80m	181
KEEP: 462	                                bau_z80m	179
KEEP: 463	                              panim_z80m	181
KEEP: 464	                            rapting_z80m	182
KEEP: 465	                              wamas_z80m	181
KEEP: 466	                             samosa_z80m	178
KEEP: 467	                             murupi_z80m	181
KEEP: 468	                             saruga_z80m	182
KEEP: 469	                               nake_z80m	182
REMOVE: 470	                             baruya_ll73	98
KEEP: 471	                             mosimo_z80m	183
KEEP: 472	                              garus_z80m	183
KEEP: 473	                             yoidik_z80m	182
KEEP: 474	                              rempi_z80m	180
KEEP: 475	                             bagupi_z80m	182
KEEP: 476	                             silopi_z80m	178
KEEP: 477	                                utu_z80m	182
KEEP: 478	                              mawan_z80m	182
KEEP: 479	                             baimak_z80m	179
KEEP: 480	                             matepi_z80m	182
REMOVE: 481	                             tainae_ll73	98
KEEP: 482	                                gal_z80m	180
KEEP: 483	                            nobonob_z80m	180
KEEP: 484	                               wagi_z80m	182
REMOVE: 485	                             wagi_sp2011	47
KEEP: 486	                             bargam_z80n	181
KEEP: 487	                              gavak_z80n	180
KEEP: 488	                              malas_z80n	177
KEEP: 489	                               brem_z80n	181
KEEP: 490	                              korak_z80n	181
KEEP: 491	                             waskia_z80n	177
KEEP: 492	                               mala_z80n	179
REMOVE: 493	                              bogaya_s73	97
REMOVE: 494	                              bogaya_s86	99
KEEP: 495	                          maia-pila_z80n	181
KEEP: 496	                          maia-saki_z80n	181
KEEP: 497	                              miani_z80n	180
KEEP: 498	                            mauwake_z80n	179
KEEP: 499	                             bepour_z80n	181
KEEP: 500	                              moere_z80n	177
KEEP: 501	                              mawak_z80n	180
KEEP: 502	                              musar_z80n	179
KEEP: 503	                           wanambre_z80n	175
KEEP: 504	                              yaben_z80n	181
REMOVE: 505	                              dadibi_m73	98
KEEP: 506	                           yarawata_z80n	182
KEEP: 507	                           bilakura_z80n	180
KEEP: 508	                            parawen_z80n	175
KEEP: 509	                          ukuriguma_z80n	182
KEEP: 510	                            amaimon_z80n	176
KEEP: 511	                             kowaki_z80n	178
KEEP: 512	                             pamosu_z80n	178
KEEP: 513	                              kobol_z80n	178
KEEP: 514	                                pal_z80n	175
KEEP: 515	                               usan_z80n	181
KEEP: 516	                            sileibi_z80s	180
KEEP: 517	                          utarmbung_z80s	179
KEEP: 518	                           moresada_z80s	180
KEEP: 519	                          wadaginam_z80s	174
REMOVE: 520	                           atemble_d2010	15
KEEP: 521	                            atemble_z80s	182
KEEP: 522	                              musak_z80s	178
KEEP: 523	                           paynamar_z80s	175
KEEP: 524	                              biyom_z80s	174
KEEP: 525	                              tauya_z80s	177
KEEP: 526	                              faita_z80s	172
REMOVE: 527	                                duna_s73	96
REMOVE: 528	                                duna_s86	100
REMOVE: 529	                               duna_mv70	6
REMOVE: 530	                               mum_d2010	54
KEEP: 531	                                mum_z80s	175
KEEP: 532	                               anam_z80s	182
KEEP: 533	                           anamgura_z80s	178
REMOVE: 534	                              nend_d2010	37
KEEP: 535	                               nend_z80s	178
REMOVE: 536	                             apali_d2010	48
KEEP: 537	                              apali_z80s	179
KEEP: 538	                              isabi_z80s	165
KEEP: 539	                           sinsauru_z80r	180
KEEP: 540	                               asas_z80r	181
KEEP: 541	                              sausi_z80r	179
KEEP: 542	                            kesawai_z80r	170
KEEP: 543	                             arawum_z80r	178
KEEP: 544	                              siroi_z80r	179
KEEP: 545	                             watiwa_z80r	176
KEEP: 546	                              lemio_z80r	170
KEEP: 547	                             pulabu_z80r	165
KEEP: 548	                             yabong_z80r	178
KEEP: 549	                            ganglau_z80r	181
KEEP: 550	                               saep_z80r	180
KEEP: 551	                              sumau_z80r	180
KEEP: 552	                                sop_z80r	180
REMOVE: 553	              west-kewa_franklin-and-v73	98
REMOVE: 554	                           west-kewa_f75	73
KEEP: 555	                             danaru_z80r	180
KEEP: 556	                            urigina_z80r	179
KEEP: 557	                                uya_z80r	180
KEEP: 558	                              rerau_z80r	165
KEEP: 559	                              jilim_z80r	178
KEEP: 560	                           yangulam_z80r	165
KEEP: 561	                               male_z80r	178
KEEP: 562	                              bongu_z80r	180
REMOVE: 563	                            bongu_mm1871	48
KEEP: 564	                               ogea_z80r	180
KEEP: 565	                              waube_z80r	179
REMOVE: 566	                            simbari_ll73	98
KEEP: 567	                              anjam_z80r	178
KEEP: 568	                                sam_z80r	177
KEEP: 569	                              migum_z80r	175
KEEP: 570	                          uyajitaya_z80r	178
REMOVE: 571	                           east-kewa_f75	82
REMOVE: 572	                               erave_f75	63
REMOVE: 573	                               angal_f75	78
REMOVE: 574	                        angal-heneng_f75	7
REMOVE: 575	                          angal-enen_f75	2
REMOVE: 576	                               ipili_f75	81
REMOVE: 577	                             hamtai_ll73	98
REMOVE: 578	                             manat_d2010	27
REMOVE: 579	                             sirva_d2010	45
REMOVE: 580	                              aisi_d2010	46
REMOVE: 581	                              aisi_d2016	84
REMOVE: 582	                            kulsab_d2010	18
REMOVE: 583	                             kamasa_ll73	97
KEEP: 584	                       mailu-asiaoro_t75	156
KEEP: 585	                          mailu-ilai_t75	156
KEEP: 586	                        mailu-island_t75	156
REMOVE: 587	                              akoye_ll73	98
KEEP: 588	                        mailu-borebo_t75	156
KEEP: 589	                        mailu-domara_t75	156
KEEP: 590	                       mailu-baibara_t75	156
KEEP: 591	                        mailu-geagea_t75	156
KEEP: 592	                       mailu-delebai_t75	156
KEEP: 593	                        mailu-darava_t75	156
KEEP: 594	                                kate_m67	114
KEEP: 595	                                mape_m67	114
KEEP: 596	                               dedua_m67	114
REMOVE: 597	                              dedua_mv70	48
KEEP: 598	                                kube_m67	114
REMOVE: 599	                               kube_mv70	50
REMOVE: 600	                              menya_ll73	98
KEEP: 601	                                tobo_m67	114
REMOVE: 602	                               tobo_mv70	46
KEEP: 603	                              borong_m67	114
REMOVE: 604	                             borong_mv70	46
KEEP: 605	                              mindik_m67	114
REMOVE: 606	                             mindik_mv70	49
KEEP: 607	                               burum_m67	114
REMOVE: 608	                              burum_mv70	51
KEEP: 609	                                 ono_m67	114
KEEP: 610	                               komba_m67	114
REMOVE: 611	                              komba_mv70	52
KEEP: 612	                             selepet_m67	114
REMOVE: 613	                            selepet_mv70	54
KEEP: 614	                               timbe_m67	114
REMOVE: 615	                              timbe_mv70	51
KEEP: 616	                               nabak_m67	114
REMOVE: 617	                              nabak_mv70	47
KEEP: 618	                               mesem_m67	114
REMOVE: 619	                              mesem_mv70	48
REMOVE: 620	                            yagwoia_ll73	98
REMOVE: 621	                            kawacha_ll73	98
KEEP: 622	                              mulaha_d70	101
KEEP: 623	                              humene_d70	149
KEEP: 624	                           uare_sil-1988	144
KEEP: 625	                                uare_d70	153
KEEP: 626	                               maria_d70	132
KEEP: 627	                      doromu-bareika_d70	154
REMOVE: 628	                           minanibai_f73	94
KEEP: 629	                      doromu-lofaika_d70	153
KEEP: 630	                     doromu-aramaika_d70	155
KEEP: 631	                      maria-maranomu_d70	156
KEEP: 632	                      maria-maiagolo_d70	153
KEEP: 633	                         maria-uderi_d70	123
REMOVE: 634	                               ipiko_f73	98
KEEP: 635	                   komba-gwama-north_s76	120
KEEP: 636	                   komba-gwama-south_s76	120
KEEP: 637	                          komba-anda_s76	120
KEEP: 638	                        komba-puleng_s76	120
REMOVE: 639	                              kovai_mv70	38
REMOVE: 640	                             yenimu_mv70	51
REMOVE: 641	                              yenimu_h70	87
REMOVE: 642	                               mian_mv70	32
REMOVE: 643	                             mian_lf2011	25
REMOVE: 644	                              tifal_mv70	39
REMOVE: 645	                            tifal_lf2011	31
REMOVE: 646	                  kasua_franklin-and-v73	90
REMOVE: 647	                               kasua_s86	97
REMOVE: 648	                            telefol_mv70	45
REMOVE: 649	                          telefol_lf2011	34
REMOVE: 650	                              bimin_mv70	38
REMOVE: 651	                           bimin_vcs2010	27
REMOVE: 652	                             aekyom_mv70	43
REMOVE: 653	                             bosavi_mv70	32
REMOVE: 654	                       marind-gawir_mv70	46
REMOVE: 655	                 kaluli_franklin-and-v73	95
REMOVE: 656	                              kaluli_s86	99
REMOVE: 657	                            degenan_mv70	47
REMOVE: 658	                          muratayak_mv70	47
REMOVE: 659	                             asaroo_mv70	44
REMOVE: 660	                           dahating_mv70	1
REMOVE: 661	                               madi_mv70	51
REMOVE: 662	                             ngaing_mv70	51
REMOVE: 663	                               neko_mv70	30
REMOVE: 664	                           onabasulu_s73	80
REMOVE: 665	                           onabasulu_s86	100
REMOVE: 666	                            nekgini_mv70	48
REMOVE: 667	                               ufim_mv70	46
REMOVE: 668	                               rawa_mv70	50
REMOVE: 669	                                iyo_mv70	48
REMOVE: 670	                                som_mv70	48
KEEP: 671	                            som_sil-1968	145
REMOVE: 672	                              nukna_mv70	51
REMOVE: 673	                   nukna-hamelengan_mv70	50
REMOVE: 674	                       kutong-sakam_mv70	50
REMOVE: 675	                           bonkiman_mv70	3
REMOVE: 676	                             domung_mv70	49
REMOVE: 677	                                pare_s73	96
REMOVE: 678	                                pare_s86	100
REMOVE: 679	                               pare_mv70	49
REMOVE: 680	                            nankina_mv70	51
REMOVE: 681	                       yopno-nokopo_mv70	50
REMOVE: 682	                      yopno-kewieng_mv70	52
REMOVE: 683	                              awara_mv70	46
REMOVE: 684	                              irumu_mv70	48
REMOVE: 685	                            wantoat_mv70	48
REMOVE: 686	                      wantoat-leron_mv70	34
REMOVE: 687	                     wantoat-saseng_mv70	34
REMOVE: 688	                        wantoat-bam_mv70	41
REMOVE: 689	                    wantoat-yagawak_mv70	48
REMOVE: 690	                         gobasi-bibo_s73	95
REMOVE: 691	                        gobasi-bibo_mv70	42
REMOVE: 692	                              mamaa_mv70	50
REMOVE: 693	                                uri_mv70	50
REMOVE: 694	                           finongan_mv70	48
REMOVE: 695	                              gusan_mv70	51
REMOVE: 696	                               nimi_mv70	49
REMOVE: 697	                         numanggang_mv70	51
REMOVE: 698	                             nakame_mv70	48
REMOVE: 699	                                nek_mv70	50
REMOVE: 700	                                nuk_mv70	51
REMOVE: 701	                            mungkip_mv70	43
KEEP: 702	                           mungkip_r2009	110
REMOVE: 703	                       gobasi-honibo_s73	98
REMOVE: 704	                       gobasi-honibo_s86	100
REMOVE: 705	                           ma-manda_mv70	49
REMOVE: 706	                            ono-kip_mv70	51
REMOVE: 707	                         ono-zankoa_mv70	12
REMOVE: 708	                         ono-karako_mv70	11
REMOVE: 709	                             sialum_mv70	51
REMOVE: 710	                               nomu_mv70	50
REMOVE: 711	                          kinalakna_mv70	49
REMOVE: 712	                            kumukio_mv70	47
REMOVE: 713	                            migabac_mv70	48
KEEP: 714	                        migabac_sil-1975	154
REMOVE: 715	                             momare_mv70	49
REMOVE: 716	                               fembe_s86	100
REMOVE: 717	                               fembe_s73	98
REMOVE: 718	                               sene_mv70	51
REMOVE: 719	                         magobineng_mv70	48
REMOVE: 720	                             wamora_mv70	47
REMOVE: 721	                               wemo_mv70	47
REMOVE: 722	                          mape-naga_mv70	50
REMOVE: 723	                          mape-west_mv70	45
REMOVE: 724	                          mape-east_mv70	43
REMOVE: 725	                              kuini_mv70	4
REMOVE: 726	                              boazi_mv70	45
REMOVE: 727	                                kubo_s73	97
REMOVE: 728	                                kubo_s86	100
REMOVE: 729	                               kubo_mv70	43
REMOVE: 730	                          kumdauron_mv70	50
REMOVE: 731	                              worin_mv70	51
REMOVE: 732	                              yawan_mv70	48
REMOVE: 733	                             mitmit_mv70	49
REMOVE: 734	                                mup_mv70	51
REMOVE: 735	                           sindamon_mv70	49
REMOVE: 736	                                samo_s73	98
REMOVE: 737	                                samo_s86	100
REMOVE: 738	                               samo_mv70	51
KEEP: 739	                             kalam_p2013	174
REMOVE: 740	                   oksapmin-upper_lf2011	13
REMOVE: 741	                   oksapmin-lower_lf2011	33
REMOVE: 742	                        bamu-sisiame_w73	92
REMOVE: 743	                            tureture_w73	94
REMOVE: 744	                           tureture_mv70	40
REMOVE: 745	                      southern-kiwai_w73	98
REMOVE: 746	                     southern-kiwai_mv70	48
REMOVE: 747	                              kombai_v00	52
REMOVE: 748	                mandobo-atas-yonggom_v00	61
REMOVE: 749	                              kerewo_w73	97
749 languages kept
